[05Jan2025 00:02:24.058] [Worker-Main-53/WARN] [net.minecraft.nbt.NbtUtils/]: Unable to read property: type with value: single for blockstate: {Name:"meadow:bench",Properties:{facing:"west",type:"single",waterlogged:"false"}}
[05Jan2025 00:02:24.061] [Worker-Main-53/WARN] [net.minecraft.nbt.NbtUtils/]: Unable to read property: type with value: single for blockstate: {Name:"meadow:bench",Properties:{facing:"south",type:"single",waterlogged:"false"}}
[05Jan2025 00:05:17.756] [Server thread/INFO] [net.minecraft.server.MinecraftServer/]: [Not Secure] <[Sirvienta] Adrienartix> encontre una taverna
[05Jan2025 00:05:28.412] [Server thread/INFO] [net.minecraft.server.MinecraftServer/]: [Not Secure] <[Arquitecta] Sarh_a180_23> :o
[05Jan2025 00:05:37.675] [Server thread/INFO] [net.minecraft.server.MinecraftServer/]: [[Arquitecta] Sarh_a180_23: Teleported [Arquitecta] Sarh_a180_23 to [Sirvienta] Adrienartix]
[05Jan2025 00:06:39.142] [Worker-Main-58/WARN] [net.minecraft.world.level.levelgen.structure.pools.JigsawPlacement/]: Empty or non-existent pool: minecraft:minecraft_empty
[05Jan2025 00:06:39.155] [Worker-Main-58/WARN] [net.minecraft.world.level.levelgen.structure.pools.JigsawPlacement/]: Empty or non-existent pool: minecraft:minecraft_empty
[05Jan2025 00:06:39.469] [Server thread/WARN] [net.minecraft.server.MinecraftServer/]: Can't keep up! Is the server overloaded? Running 2986ms or 59 ticks behind
[05Jan2025 00:06:39.501] [Server thread/WARN] [net.minecraft.server.network.ServerGamePacketListenerImpl/]: Adrienartix moved too quickly! 9.589623465158835,0.0,-3.2213771541505594
[05Jan2025 00:06:59.232] [Server thread/INFO] [net.minecraft.server.MinecraftServer/]: [Not Secure] <[Arquitecta] Sarh_a180_23> mira
[05Jan2025 00:07:02.382] [Server thread/INFO] [net.minecraft.server.MinecraftServer/]: [Not Secure] <[Arquitecta] Sarh_a180_23> encontre esto
[05Jan2025 00:07:22.449] [Server thread/INFO] [net.minecraft.server.MinecraftServer/]: [Not Secure] <[Arquitecta] Sarh_a180_23> no se leer mapas de maincra
[05Jan2025 00:07:35.667] [Server thread/INFO] [net.minecraft.server.MinecraftServer/]: [[Arquitecta] Sarh_a180_23: Teleported [Arquitecta] Sarh_a180_23 to 861.500000, 75.500000, -362.500000]
[05Jan2025 00:07:41.356] [Server thread/INFO] [net.minecraft.server.MinecraftServer/]: [Not Secure] <[Sirvienta] Adrienartix> ni yox d
[05Jan2025 00:07:47.007] [Server thread/INFO] [net.minecraft.server.MinecraftServer/]: [Not Secure] <[Arquitecta] Sarh_a180_23> xd
[05Jan2025 00:08:04.478] [Server thread/INFO] [net.minecraft.server.MinecraftServer/]: [Not Secure] <[Sirvienta] Adrienartix> marco un waypoint/
[05Jan2025 00:08:07.105] [Server thread/INFO] [net.minecraft.server.MinecraftServer/]: [Not Secure] <[Sirvienta] Adrienartix> ?
[05Jan2025 00:08:09.630] [Server thread/INFO] [net.minecraft.server.MinecraftServer/]: [Not Secure] <[Arquitecta] Sarh_a180_23> sis
[05Jan2025 00:08:50.255] [Server thread/INFO] [net.minecraft.server.MinecraftServer/]: [[Sirvienta] Adrienartix: Teleported [Sirvienta] Adrienartix to 10.500000, 66.500000, -325.500000]
[05Jan2025 00:08:55.256] [Server thread/INFO] [net.minecraft.server.MinecraftServer/]: [Not Secure] <[Sirvienta] Adrienartix> xaero-waypoint:Taverna 2:T:10:66:-326:10:false:0:Internal-overworld-waypoints
[05Jan2025 00:09:49.426] [Server thread/WARN] [net.minecraft.server.network.ServerGamePacketListenerImpl/]: Boat (vehicle of Adrienartix) moved wrongly! 0.6943891227684986
[05Jan2025 00:09:49.472] [Server thread/WARN] [net.minecraft.server.network.ServerGamePacketListenerImpl/]: Boat (vehicle of Adrienartix) moved wrongly! 1.1348244495933812
[05Jan2025 00:09:49.584] [Server thread/WARN] [net.minecraft.server.network.ServerGamePacketListenerImpl/]: Boat (vehicle of Adrienartix) moved wrongly! 0.3900863544217401
[05Jan2025 00:09:49.585] [Server thread/WARN] [net.minecraft.server.network.ServerGamePacketListenerImpl/]: Boat (vehicle of Adrienartix) moved wrongly! 0.3900863544217401
[05Jan2025 00:09:50.008] [Server thread/WARN] [net.minecraft.server.network.ServerGamePacketListenerImpl/]: Boat (vehicle of Adrienartix) moved wrongly! 0.2722428831612831
[05Jan2025 00:09:50.108] [Server thread/WARN] [net.minecraft.server.network.ServerGamePacketListenerImpl/]: Boat (vehicle of Adrienartix) moved wrongly! 0.31558199427662714
[05Jan2025 00:09:50.752] [Server thread/WARN] [net.minecraft.server.network.ServerGamePacketListenerImpl/]: Boat (vehicle of Adrienartix) moved wrongly! 0.3836537813960206
[05Jan2025 00:09:50.759] [Server thread/WARN] [net.minecraft.server.network.ServerGamePacketListenerImpl/]: Boat (vehicle of Adrienartix) moved wrongly! 0.5710497696669421
[05Jan2025 00:09:50.809] [Server thread/WARN] [net.minecraft.server.network.ServerGamePacketListenerImpl/]: Boat (vehicle of Adrienartix) moved wrongly! 0.764465803941988
[05Jan2025 00:11:39.803] [Worker-Main-58/WARN] [net.minecraft.nbt.NbtUtils/]: Unable to read property: type with value: single for blockstate: {Name:"meadow:bench",Properties:{facing:"east",type:"single",waterlogged:"false"}}
[05Jan2025 00:11:39.804] [Worker-Main-58/WARN] [net.minecraft.nbt.NbtUtils/]: Unable to read property: type with value: single for blockstate: {Name:"meadow:table",Properties:{facing:"east",type:"single",waterlogged:"false"}}
[05Jan2025 00:12:04.509] [Server thread/INFO] [net.minecraft.server.MinecraftServer/]: [Sirvienta] Adrienartix has made the advancement [Call For Adventure]
[05Jan2025 00:12:13.752] [Server thread/INFO] [net.minecraft.server.MinecraftServer/]: [Not Secure] <[Arquitecta] Sarh_a180_23> :o
[05Jan2025 00:12:18.179] [Server thread/INFO] [net.minecraft.server.MinecraftServer/]: [Not Secure] <[Sirvienta] Adrienartix> omagad
[05Jan2025 00:12:25.453] [Server thread/INFO] [net.minecraft.server.MinecraftServer/]: [Not Secure] <[Sirvienta] Adrienartix> mapa de una ancient city\
[05Jan2025 00:12:52.504] [Server thread/INFO] [net.minecraft.server.MinecraftServer/]: [Not Secure] <[Sirvienta] Adrienartix> diermeeeee
[05Jan2025 00:16:26.953] [Server thread/INFO] [net.minecraft.server.MinecraftServer/]: [Not Secure] <[Sirvienta] Adrienartix> xaero-waypoint:Taverna 3 ahora es personal:T:-559:63:-344:9:false:0:Internal-overworld-waypoints
[05Jan2025 00:16:39.409] [Server thread/INFO] [net.minecraft.server.MinecraftServer/]: [Not Secure] <[Arquitecta] Sarh_a180_23> XD
[05Jan2025 00:16:42.111] [Server thread/INFO] [net.minecraft.server.MinecraftServer/]: [Not Secure] <[Arquitecta] Sarh_a180_23> El nombre
[05Jan2025 00:16:50.662] [Server thread/INFO] [net.minecraft.server.MinecraftServer/]: [Not Secure] <[Sirvienta] Adrienartix> si xd
[05Jan2025 00:17:14.578] [Server thread/INFO] [net.minecraft.server.MinecraftServer/]: [Not Secure] <[Sirvienta] Adrienartix> me hice rica
[05Jan2025 00:17:27.055] [Server thread/INFO] [net.minecraft.server.MinecraftServer/]: [Not Secure] <[Arquitecta] Sarh_a180_23> ya eras :p
[05Jan2025 00:17:29.656] [Server thread/INFO] [net.minecraft.server.MinecraftServer/]: [Not Secure] <[Arquitecta] Sarh_a180_23> digo
[05Jan2025 00:17:37.262] [Server thread/INFO] [net.minecraft.server.MinecraftServer/]: [Not Secure] <[Sirvienta] Adrienartix> sis pq t tengo
[05Jan2025 00:17:39.230] [Server thread/INFO] [net.minecraft.server.MinecraftServer/]: [Not Secure] <[Sirvienta] Adrienartix> digo
[05Jan2025 00:17:42.902] [Server thread/INFO] [net.minecraft.server.MinecraftServer/]: [Not Secure] <[Arquitecta] Sarh_a180_23> que
[05Jan2025 00:17:51.680] [Server thread/INFO] [net.minecraft.server.MinecraftServer/]: [Not Secure] <[Sirvienta] Adrienartix> so me das
[05Jan2025 00:18:07.180] [Server thread/INFO] [net.minecraft.server.MinecraftServer/]: [Not Secure] <[Arquitecta] Sarh_a180_23> aquinoSUS
[05Jan2025 00:18:24.996] [Server thread/INFO] [net.minecraft.server.MinecraftServer/]: [Not Secure] <[Arquitecta] Sarh_a180_23> cierto que no estoy en kick para poner los emotes :vvv
[05Jan2025 00:18:37.023] [Server thread/INFO] [net.minecraft.server.MinecraftServer/]: [[Arquitecta] Sarh_a180_23: Set own game mode to Creative Mode]
[05Jan2025 00:18:38.464] [Server thread/INFO] [net.minecraft.server.MinecraftServer/]: [Not Secure] <[Sirvienta] Adrienartix> encontre el bioma de sakura
[05Jan2025 00:18:49.323] [Server thread/INFO] [net.minecraft.server.MinecraftServer/]: [Not Secure] <[Arquitecta] Sarh_a180_23> oo
[05Jan2025 00:19:21.473] [Server thread/INFO] [net.minecraft.server.MinecraftServer/]: [[Arquitecta] Sarh_a180_23: Set own game mode to Survival Mode]
[05Jan2025 00:19:58.511] [Server thread/INFO] [net.minecraft.server.MinecraftServer/]: [Arquitecta] Sarh_a180_23 has reached the goal [Desperate Measures]
[05Jan2025 00:20:10.165] [Server thread/INFO] [net.minecraft.server.MinecraftServer/]: [Not Secure] <[Arquitecta] Sarh_a180_23> XD
[05Jan2025 00:20:12.808] [Server thread/INFO] [net.minecraft.server.MinecraftServer/]: [Not Secure] <[Arquitecta] Sarh_a180_23> El logro
[05Jan2025 00:20:56.615] [Server thread/INFO] [net.minecraft.server.MinecraftServer/]: [Not Secure] <[Sirvienta] Adrienartix> xaero-waypoint:Sakura:S:-868:118:-219:13:false:0:Internal-overworld-waypoints
[05Jan2025 00:25:20.369] [Server thread/INFO] [net.minecraft.server.MinecraftServer/]: [Not Secure] <[Sirvienta] Adrienartix> nomanches nomanches
[05Jan2025 00:25:27.765] [Server thread/INFO] [net.minecraft.server.MinecraftServer/]: [[Arquitecta] Sarh_a180_23: Teleported [Arquitecta] Sarh_a180_23 to 861.500000, 75.500000, -362.500000]
[05Jan2025 00:25:34.316] [Server thread/INFO] [net.minecraft.server.MinecraftServer/]: [Not Secure] <[Arquitecta] Sarh_a180_23> que paso?
[05Jan2025 00:25:52.778] [Server thread/INFO] [net.minecraft.server.MinecraftServer/]: [Not Secure] <[Sirvienta] Adrienartix> el bioma de sakura
[05Jan2025 00:26:01.056] [Server thread/INFO] [net.minecraft.server.MinecraftServer/]: [Not Secure] <[Arquitecta] Sarh_a180_23> aaa
[05Jan2025 00:26:02.706] [Server thread/INFO] [net.minecraft.server.MinecraftServer/]: [Not Secure] <[Arquitecta] Sarh_a180_23> xd
[05Jan2025 00:26:07.230] [Server thread/INFO] [net.minecraft.server.MinecraftServer/]: [Not Secure] <[Sirvienta] Adrienartix> esta alado de un bioma morado
[05Jan2025 00:26:12.409] [Server thread/INFO] [net.minecraft.server.MinecraftServer/]: [Not Secure] <[Arquitecta] Sarh_a180_23> oo
[05Jan2025 00:26:14.826] [Server thread/INFO] [net.minecraft.server.MinecraftServer/]: [Not Secure] <[Sirvienta] Adrienartix> esta hermoso
[05Jan2025 00:28:58.256] [Server thread/INFO] [net.minecraft.server.MinecraftServer/]: [Sirvienta] Adrienartix has made the advancement [Ol' Betsy]
[05Jan2025 00:29:35.359] [Server thread/INFO] [net.minecraft.server.MinecraftServer/]: [[Sirvienta] Adrienartix: Teleported [Sirvienta] Adrienartix to 861.500000, 75.500000, -362.500000]
[05Jan2025 00:29:43.303] [Server thread/INFO] [net.minecraft.server.MinecraftServer/]: [Sirvienta] Adrienartix froze to death
[05Jan2025 00:29:43.311] [Server thread/INFO] [tombstone/]: The player Adrienartix has successfully been saved
[05Jan2025 00:29:53.854] [Server thread/INFO] [net.minecraft.server.MinecraftServer/]: [[Sirvienta] Adrienartix: Teleported [Sirvienta] Adrienartix to 860.500000, 76.500000, -355.500000]
[05Jan2025 00:31:16.119] [Server thread/INFO] [net.minecraft.server.MinecraftServer/]: [Not Secure] <[Arquitecta] Sarh_a180_23> que paso
[05Jan2025 00:31:22.071] [Server thread/INFO] [net.minecraft.server.MinecraftServer/]: [Not Secure] <[Sirvienta] Adrienartix> m mori
[05Jan2025 00:31:28.019] [Server thread/INFO] [net.minecraft.server.MinecraftServer/]: [Not Secure] <[Arquitecta] Sarh_a180_23> aaaa
[05Jan2025 00:31:28.796] [Server thread/INFO] [net.minecraft.server.MinecraftServer/]: [Not Secure] <[Sirvienta] Adrienartix> no exp
[05Jan2025 00:31:46.874] [Server thread/INFO] [net.minecraft.server.MinecraftServer/]: [Not Secure] <[Sirvienta] Adrienartix> aaaaaaaaa
[05Jan2025 00:31:51.796] [Server thread/INFO] [net.minecraft.server.MinecraftServer/]: [Not Secure] <[Sirvienta] Adrienartix> ;-;
[05Jan2025 00:31:56.049] [Server thread/INFO] [net.minecraft.server.MinecraftServer/]: [Not Secure] <[Arquitecta] Sarh_a180_23> :c
[05Jan2025 00:32:09.682] [Server thread/INFO] [net.minecraft.server.MinecraftServer/]: [Not Secure] <[Sirvienta] Adrienartix> tw queeme los pedernales
[05Jan2025 00:32:23.215] [Server thread/INFO] [net.minecraft.server.MinecraftServer/]: [Not Secure] <[Arquitecta] Sarh_a180_23> no importa xd
[05Jan2025 00:32:27.652] [Server thread/INFO] [net.minecraft.server.MinecraftServer/]: [Not Secure] <[Arquitecta] Sarh_a180_23> genera muchisimos
[05Jan2025 00:33:00.002] [Server thread/INFO] [net.minecraft.server.MinecraftServer/]: [Not Secure] <[Sirvienta] Adrienartix> que bieeen ;-;
[05Jan2025 00:33:07.164] [Server thread/INFO] [net.minecraft.server.MinecraftServer/]: [Not Secure] <[Sirvienta] Adrienartix> mucha vaca
[05Jan2025 00:33:17.952] [Server thread/INFO] [net.minecraft.server.MinecraftServer/]: [Not Secure] <[Arquitecta] Sarh_a180_23> es hora del asesinato
[05Jan2025 00:33:42.447] [Server thread/INFO] [net.minecraft.server.network.ServerGamePacketListenerImpl/]: Sarh_a180_23 lost connection: Timed out
[05Jan2025 00:33:42.447] [Server thread/INFO] [net.minecraft.server.MinecraftServer/]: [Arquitecta] Sarh_a180_23 left the game
[05Jan2025 00:33:47.850] [Server thread/INFO] [net.minecraft.server.MinecraftServer/]: [Not Secure] <[Sirvienta] Adrienartix> uy
[05Jan2025 00:33:51.146] [Server thread/INFO] [net.minecraft.server.network.ServerGamePacketListenerImpl/]: Adrienartix lost connection: Timed out
[05Jan2025 00:33:51.146] [Server thread/INFO] [net.minecraft.server.MinecraftServer/]: [Sirvienta] Adrienartix left the game
[05Jan2025 00:33:58.060] [Server thread/INFO] [net.minecraft.server.players.PlayerList/]: Adrienartix[/127.242.178.107:54865] logged in with entity id 45378 at (850.8824627383748, 72.0, -384.8829413927837)
[05Jan2025 00:33:58.084] [Server thread/INFO] [net.minecraft.server.MinecraftServer/]: [Sirvienta] Adrienartix joined the game
[05Jan2025 00:33:59.876] [Server thread/INFO] [net.minecraft.server.players.PlayerList/]: Sarh_a180_23[/127.193.217.12:50941] logged in with entity id 45728 at (824.6476840735321, 75.0, -340.5145263349997)
[05Jan2025 00:33:59.889] [Server thread/INFO] [net.minecraft.server.MinecraftServer/]: [Arquitecta] Sarh_a180_23 joined the game
[05Jan2025 00:34:12.049] [Server thread/INFO] [net.minecraft.server.MinecraftServer/]: [Not Secure] <[Sirvienta] Adrienartix> que fue
[05Jan2025 00:34:16.962] [Server thread/INFO] [net.minecraft.server.MinecraftServer/]: [Not Secure] <[Arquitecta] Sarh_a180_23> no c
[05Jan2025 00:34:29.947] [Server thread/INFO] [net.minecraft.server.network.ServerGamePacketListenerImpl/]: Sarh_a180_23 lost connection: Timed out
[05Jan2025 00:34:29.947] [Server thread/INFO] [net.minecraft.server.MinecraftServer/]: [Arquitecta] Sarh_a180_23 left the game
[05Jan2025 00:34:42.569] [Server thread/INFO] [net.minecraft.server.players.PlayerList/]: Sarh_a180_23[/127.193.217.12:45993] logged in with entity id 45846 at (826.6704234548687, 75.0, -339.44622157060365)
[05Jan2025 00:34:42.583] [Server thread/INFO] [net.minecraft.server.MinecraftServer/]: [Arquitecta] Sarh_a180_23 joined the game
[05Jan2025 00:35:06.449] [Server thread/INFO] [net.minecraft.server.MinecraftServer/]: [Not Secure] <[Arquitecta] Sarh_a180_23> aaaa
[05Jan2025 00:35:10.909] [Server thread/INFO] [net.minecraft.server.MinecraftServer/]: [Not Secure] <[Arquitecta] Sarh_a180_23> my pc
[05Jan2025 00:35:20.150] [Server thread/INFO] [net.minecraft.server.MinecraftServer/]: [Not Secure] <[Sirvienta] Adrienartix> oh my pcccccccccccccc
[05Jan2025 00:35:25.228] [Server thread/INFO] [net.minecraft.server.MinecraftServer/]: [Not Secure] <[Arquitecta] Sarh_a180_23> xddd
[05Jan2025 00:35:41.154] [Server thread/INFO] [net.minecraft.server.MinecraftServer/]: [Not Secure] <[Arquitecta] Sarh_a180_23> creo que ya se estabilizo el wifi
[05Jan2025 00:37:01.706] [Server thread/INFO] [net.minecraft.server.MinecraftServer/]: [Not Secure] <[Sirvienta] Adrienartix> xddd
[05Jan2025 00:37:07.300] [Server thread/INFO] [net.minecraft.server.MinecraftServer/]: [Not Secure] <[Sirvienta] Adrienartix> pense fue el mio
[05Jan2025 00:37:15.658] [Server thread/INFO] [net.minecraft.server.MinecraftServer/]: [Not Secure] <[Arquitecta] Sarh_a180_23> xddd
[05Jan2025 00:40:28.911] [Server thread/INFO] [net.minecraft.server.MinecraftServer/]: [[Sirvienta] Adrienartix: Teleported [Sirvienta] Adrienartix to [Arquitecta] Sarh_a180_23]
[05Jan2025 00:40:33.600] [Server thread/INFO] [net.minecraft.server.MinecraftServer/]: [Not Secure] <[Sirvienta] Adrienartix> oyeeeeeeeee
[05Jan2025 00:40:37.253] [Server thread/INFO] [net.minecraft.server.MinecraftServer/]: [Not Secure] <[Sirvienta] Adrienartix> qe paso
[05Jan2025 00:40:42.329] [Server thread/INFO] [net.minecraft.server.MinecraftServer/]: [Not Secure] <[Arquitecta] Sarh_a180_23> de q
[05Jan2025 00:40:47.079] [Server thread/INFO] [net.minecraft.server.MinecraftServer/]: [Not Secure] <[Sirvienta] Adrienartix> illagers
[05Jan2025 00:40:59.674] [Server thread/INFO] [net.minecraft.server.MinecraftServer/]: [Not Secure] <[Arquitecta] Sarh_a180_23> donde
[05Jan2025 00:41:00.702] [Server thread/INFO] [net.minecraft.server.MinecraftServer/]: [Not Secure] <[Sirvienta] Adrienartix> sale raid?
